[    36.120] 
X.Org X Server 1.19.3
Release Date: 2017-03-15
[    36.120] X Protocol Version 11, Revision 0
[    36.120] Build Operating System: Linux 4.12.5-1-ARCH x86_64 
[    36.120] Current Operating System: Linux namo 4.12.8-2-ARCH #1 SMP PREEMPT Fri Aug 18 14:08:02 UTC 2017 x86_64
[    36.120] Kernel command line: BOOT_IMAGE=/vmlinuz-linux root=UUID=ca93eef6-e58c-44db-8c7b-df12b4380fce rw quiet rcutree.rcu_idle_gp_delay=1
[    36.121] Build Date: 13 August 2017  09:37:50PM
[    36.121]  
[    36.121] Current version of pixman: 0.34.0
[    36.121] 	Before reporting problems, check http://wiki.x.org
	to make sure that you have the latest version.
[    36.121] Markers: (--) probed, (**) from config file, (==) default setting,
	(++) from command line, (!!) notice, (II) informational,
	(WW) warning, (EE) error, (NI) not implemented, (??) unknown.
[    36.121] (==) Log file: "/home/namo/.local/share/xorg/Xorg.0.log", Time: Sat Aug 26 00:27:48 2017
[    36.123] (==) Using config directory: "/etc/X11/xorg.conf.d"
[    36.123] (==) Using system config directory "/usr/share/X11/xorg.conf.d"
[    36.124] (==) No Layout section.  Using the first Screen section.
[    36.124] (==) No screen section available. Using defaults.
[    36.124] (**) |-->Screen "Default Screen Section" (0)
[    36.124] (**) |   |-->Monitor "<default monitor>"
[    36.124] (==) No device specified for screen "Default Screen Section".
	Using the first device section listed.
[    36.124] (**) |   |-->Device "Card0"
[    36.124] (==) No monitor specified for screen "Default Screen Section".
	Using a default monitor configuration.
[    36.125] (==) Automatically adding devices
[    36.125] (==) Automatically enabling devices
[    36.125] (==) Automatically adding GPU devices
[    36.125] (==) Automatically binding GPU devices
[    36.125] (==) Max clients allowed: 256, resource mask: 0x1fffff
[    36.129] (WW) The directory "/usr/share/fonts/Type1/" does not exist.
[    36.129] 	Entry deleted from font path.
[    36.129] (WW) `fonts.dir' not found (or not valid) in "/usr/share/fonts/100dpi/".
[    36.129] 	Entry deleted from font path.
[    36.129] 	(Run 'mkfontdir' on "/usr/share/fonts/100dpi/").
[    36.129] (WW) `fonts.dir' not found (or not valid) in "/usr/share/fonts/75dpi/".
[    36.129] 	Entry deleted from font path.
[    36.129] 	(Run 'mkfontdir' on "/usr/share/fonts/75dpi/").
[    36.129] (==) FontPath set to:
	/usr/share/fonts/misc/,
	/usr/share/fonts/TTF/,
	/usr/share/fonts/OTF/
[    36.129] (==) ModulePath set to "/usr/lib/xorg/modules"
[    36.129] (II) The server relies on udev to provide the list of input devices.
	If no devices become available, reconfigure udev or disable AutoAddDevices.
[    36.130] (II) Loader magic: 0x55ad0887bd40
[    36.130] (II) Module ABI versions:
[    36.130] 	X.Org ANSI C Emulation: 0.4
[    36.130] 	X.Org Video Driver: 23.0
[    36.130] 	X.Org XInput driver : 24.1
[    36.130] 	X.Org Server Extension : 10.0
[    36.131] (++) using VT number 1

[    36.131] (--) controlling tty is VT number 1, auto-enabling KeepTty
[    36.134] (II) systemd-logind: took control of session /org/freedesktop/login1/session/c1
[    36.134] (II) xfree86: Adding drm device (/dev/dri/card0)
[    36.135] (II) systemd-logind: got fd for /dev/dri/card0 226:0 fd 11 paused 0
[    36.138] (--) PCI:*(0:0:2:0) 8086:1916:1043:1d1d rev 7, Mem @ 0xdd000000/16777216, 0xb0000000/268435456, I/O @ 0x0000f000/64, BIOS @ 0x????????/131072
[    36.138] (--) PCI: (0:1:0:0) 10de:139a:1043:1d1d rev 162, Mem @ 0xde000000/16777216, 0xc0000000/268435456, 0xd0000000/33554432, I/O @ 0x0000e000/128, BIOS @ 0x????????/524288
[    36.138] (WW) Open ACPI failed (/var/run/acpid.socket) (No such file or directory)
[    36.138] (II) LoadModule: "glx"
[    36.139] (II) Loading /usr/lib/xorg/modules/extensions/libglx.so
[    36.148] (II) Module glx: vendor="X.Org Foundation"
[    36.148] 	compiled for 1.19.3, module version = 1.0.0
[    36.148] 	ABI class: X.Org Server Extension, version 10.0
[    36.148] (II) LoadModule: "intel"
[    36.148] (II) Loading /usr/lib/xorg/modules/drivers/intel_drv.so
[    36.151] (II) Module intel: vendor="X.Org Foundation"
[    36.151] 	compiled for 1.19.3, module version = 2.99.917
[    36.151] 	Module class: X.Org Video Driver
[    36.151] 	ABI class: X.Org Video Driver, version 23.0
[    36.151] (II) intel: Driver for Intel(R) Integrated Graphics Chipsets:
	i810, i810-dc100, i810e, i815, i830M, 845G, 854, 852GM/855GM, 865G,
	915G, E7221 (i915), 915GM, 945G, 945GM, 945GME, Pineview GM,
	Pineview G, 965G, G35, 965Q, 946GZ, 965GM, 965GME/GLE, G33, Q35, Q33,
	GM45, 4 Series, G45/G43, Q45/Q43, G41, B43
[    36.152] (II) intel: Driver for Intel(R) HD Graphics
[    36.152] (II) intel: Driver for Intel(R) Iris(TM) Graphics
[    36.152] (II) intel: Driver for Intel(R) Iris(TM) Pro Graphics
[    36.152] xf86EnableIOPorts: failed to set IOPL for I/O (Operation not permitted)
[    36.152] (II) intel(0): Using Kernel Mode Setting driver: i915, version 1.6.0 20170403
[    36.152] (II) intel(0): SNA compiled from 2.99.917-779-g2100efa1
[    36.153] (WW) VGA arbiter: cannot open kernel arbiter, no multi-card support
[    36.154] (--) intel(0): Integrated Graphics Chipset: Intel(R) HD Graphics 520
[    36.154] (--) intel(0): CPU: x86-64, sse2, sse3, ssse3, sse4.1, sse4.2, avx, avx2; using a maximum of 2 threads
[    36.154] (II) intel(0): Creating default Display subsection in Screen section
	"Default Screen Section" for depth/fbbpp 24/32
[    36.154] (==) intel(0): Depth 24, (--) framebuffer bpp 32
[    36.154] (==) intel(0): RGB weight 888
[    36.154] (==) intel(0): Default visual is TrueColor
[    36.154] (**) intel(0): Option "Backlight" "intel_backlight"
[    36.155] (II) intel(0): Output eDP1 has no monitor section
[    36.155] (**) intel(0): Found backlight control interface intel_backlight (type 'raw') for output eDP1
[    36.155] (II) intel(0): Enabled output eDP1
[    36.155] (II) intel(0): Output HDMI1 has no monitor section
[    36.155] (II) intel(0): Enabled output HDMI1
[    36.155] (--) intel(0): Using a maximum size of 256x256 for hardware cursors
[    36.155] (II) intel(0): Output VIRTUAL1 has no monitor section
[    36.155] (II) intel(0): Enabled output VIRTUAL1
[    36.156] (--) intel(0): Output eDP1 using initial mode 1920x1080 on pipe 0
[    36.156] (==) intel(0): TearFree disabled
[    36.156] (==) intel(0): Using gamma correction (1.0, 1.0, 1.0)
[    36.156] (==) intel(0): DPI set to (96, 96)
[    36.156] (II) Loading sub module "dri3"
[    36.156] (II) LoadModule: "dri3"
[    36.156] (II) Module "dri3" already built-in
[    36.156] (II) Loading sub module "dri2"
[    36.156] (II) LoadModule: "dri2"
[    36.156] (II) Module "dri2" already built-in
[    36.156] (II) Loading sub module "present"
[    36.156] (II) LoadModule: "present"
[    36.156] (II) Module "present" already built-in
[    36.156] (==) Depth 24 pixmap format is 32 bpp
[    36.159] (II) intel(0): SNA initialized with Skylake (gen9) backend
[    36.159] (==) intel(0): Backing store enabled
[    36.159] (==) intel(0): Silken mouse enabled
[    36.159] (II) intel(0): HW Cursor enabled
[    36.159] (II) intel(0): RandR 1.2 enabled, ignore the following RandR disabled message.
[    36.160] (==) intel(0): DPMS enabled
[    36.160] (==) intel(0): Display hotplug detection enabled
[    36.160] (II) intel(0): [DRI2] Setup complete
[    36.160] (II) intel(0): [DRI2]   DRI driver: i965
[    36.160] (II) intel(0): [DRI2]   VDPAU driver: va_gl
[    36.160] (II) intel(0): direct rendering: DRI2 DRI3 enabled
[    36.160] (II) intel(0): hardware support for Present enabled
[    36.160] (--) RandR disabled
[    36.207] (II) AIGLX: enabled GLX_MESA_copy_sub_buffer
[    36.207] (II) AIGLX: enabled GLX_ARB_create_context
[    36.207] (II) AIGLX: enabled GLX_ARB_create_context_profile
[    36.207] (II) AIGLX: enabled GLX_EXT_create_context_es{,2}_profile
[    36.207] (II) AIGLX: enabled GLX_INTEL_swap_event
[    36.207] (II) AIGLX: enabled GLX_SGI_swap_control
[    36.207] (II) AIGLX: enabled GLX_EXT_framebuffer_sRGB
[    36.207] (II) AIGLX: enabled GLX_ARB_fbconfig_float
[    36.207] (II) AIGLX: enabled GLX_EXT_fbconfig_packed_float
[    36.207] (II) AIGLX: GLX_EXT_texture_from_pixmap backed by buffer objects
[    36.207] (II) AIGLX: enabled GLX_ARB_create_context_robustness
[    36.207] (II) AIGLX: Loaded and initialized i965
[    36.207] (II) GLX: Initialized DRI2 GL provider for screen 0
[    36.214] (II) intel(0): switch to mode 1920x1080@60.0 on eDP1 using pipe 0, position (0, 0), rotation normal, reflection none
[    36.226] (II) intel(0): Setting screen physical size to 508 x 285
[    36.267] (II) config/udev: Adding input device Power Button (/dev/input/event3)
[    36.267] (**) Power Button: Applying InputClass "libinput keyboard catchall"
[    36.267] (II) LoadModule: "libinput"
[    36.267] (II) Loading /usr/lib/xorg/modules/input/libinput_drv.so
[    36.275] (II) Module libinput: vendor="X.Org Foundation"
[    36.275] 	compiled for 1.19.3, module version = 0.25.1
[    36.275] 	Module class: X.Org XInput Driver
[    36.275] 	ABI class: X.Org XInput driver, version 24.1
[    36.275] (II) Using input driver 'libinput' for 'Power Button'
[    36.276] (II) systemd-logind: got fd for /dev/input/event3 13:67 fd 21 paused 0
[    36.276] (**) Power Button: always reports core events
[    36.276] (**) Option "Device" "/dev/input/event3"
[    36.276] (**) Option "_source" "server/udev"
[    36.277] (II) event3  - (II) Power Button: (II) is tagged by udev as: Keyboard
[    36.277] (II) event3  - (II) Power Button: (II) device is a keyboard
[    36.277] (II) event3  - (II) Power Button: (II) device removed
[    36.277] (**) Option "config_info" "udev:/sys/devices/LNXSYSTM:00/LNXPWRBN:00/input/input3/event3"
[    36.277] (II) XINPUT: Adding extended input device "Power Button" (type: KEYBOARD, id 6)
[    36.277] (II) event3  - (II) Power Button: (II) is tagged by udev as: Keyboard
[    36.277] (II) event3  - (II) Power Button: (II) device is a keyboard
[    36.278] (II) config/udev: Adding input device Asus Wireless Radio Control (/dev/input/event4)
[    36.278] (**) Asus Wireless Radio Control: Applying InputClass "libinput keyboard catchall"
[    36.278] (II) Using input driver 'libinput' for 'Asus Wireless Radio Control'
[    36.279] (II) systemd-logind: got fd for /dev/input/event4 13:68 fd 24 paused 0
[    36.279] (**) Asus Wireless Radio Control: always reports core events
[    36.279] (**) Option "Device" "/dev/input/event4"
[    36.279] (**) Option "_source" "server/udev"
[    36.279] (II) event4  - (II) Asus Wireless Radio Control: (II) is tagged by udev as: Keyboard
[    36.279] (II) event4  - (II) Asus Wireless Radio Control: (II) device is a keyboard
[    36.279] (II) event4  - (II) Asus Wireless Radio Control: (II) device removed
[    36.279] (**) Option "config_info" "udev:/sys/devices/LNXSYSTM:00/LNXSYBUS:00/ATK4002:00/input/input4/event4"
[    36.279] (II) XINPUT: Adding extended input device "Asus Wireless Radio Control" (type: KEYBOARD, id 7)
[    36.280] (II) event4  - (II) Asus Wireless Radio Control: (II) is tagged by udev as: Keyboard
[    36.280] (II) event4  - (II) Asus Wireless Radio Control: (II) device is a keyboard
[    36.281] (II) config/udev: Adding input device Video Bus (/dev/input/event6)
[    36.281] (**) Video Bus: Applying InputClass "libinput keyboard catchall"
[    36.281] (II) Using input driver 'libinput' for 'Video Bus'
[    36.281] (II) systemd-logind: got fd for /dev/input/event6 13:70 fd 25 paused 0
[    36.281] (**) Video Bus: always reports core events
[    36.281] (**) Option "Device" "/dev/input/event6"
[    36.281] (**) Option "_source" "server/udev"
[    36.282] (II) event6  - (II) Video Bus: (II) is tagged by udev as: Keyboard
[    36.282] (II) event6  - (II) Video Bus: (II) device is a keyboard
[    36.282] (II) event6  - (II) Video Bus: (II) device removed
[    36.282] (**) Option "config_info" "udev:/sys/devices/LNXSYSTM:00/LNXSYBUS:00/PNP0A08:00/LNXVIDEO:00/input/input6/event6"
[    36.282] (II) XINPUT: Adding extended input device "Video Bus" (type: KEYBOARD, id 8)
[    36.282] (II) event6  - (II) Video Bus: (II) is tagged by udev as: Keyboard
[    36.282] (II) event6  - (II) Video Bus: (II) device is a keyboard
[    36.283] (II) config/udev: Adding input device Video Bus (/dev/input/event7)
[    36.283] (**) Video Bus: Applying InputClass "libinput keyboard catchall"
[    36.283] (II) Using input driver 'libinput' for 'Video Bus'
[    36.284] (II) systemd-logind: got fd for /dev/input/event7 13:71 fd 26 paused 0
[    36.284] (**) Video Bus: always reports core events
[    36.284] (**) Option "Device" "/dev/input/event7"
[    36.284] (**) Option "_source" "server/udev"
[    36.284] (II) event7  - (II) Video Bus: (II) is tagged by udev as: Keyboard
[    36.284] (II) event7  - (II) Video Bus: (II) device is a keyboard
[    36.284] (II) event7  - (II) Video Bus: (II) device removed
[    36.284] (**) Option "config_info" "udev:/sys/devices/LNXSYSTM:00/LNXSYBUS:00/PNP0A08:00/device:22/LNXVIDEO:01/input/input7/event7"
[    36.284] (II) XINPUT: Adding extended input device "Video Bus" (type: KEYBOARD, id 9)
[    36.285] (II) event7  - (II) Video Bus: (II) is tagged by udev as: Keyboard
[    36.285] (II) event7  - (II) Video Bus: (II) device is a keyboard
[    36.285] (II) config/udev: Adding input device Lid Switch (/dev/input/event1)
[    36.285] (II) No input driver specified, ignoring this device.
[    36.285] (II) This device may have been added with another device file.
[    36.286] (II) config/udev: Adding input device Sleep Button (/dev/input/event2)
[    36.286] (**) Sleep Button: Applying InputClass "libinput keyboard catchall"
[    36.286] (II) Using input driver 'libinput' for 'Sleep Button'
[    36.286] (II) systemd-logind: got fd for /dev/input/event2 13:66 fd 27 paused 0
[    36.286] (**) Sleep Button: always reports core events
[    36.286] (**) Option "Device" "/dev/input/event2"
[    36.286] (**) Option "_source" "server/udev"
[    36.286] (II) event2  - (II) Sleep Button: (II) is tagged by udev as: Keyboard
[    36.286] (II) event2  - (II) Sleep Button: (II) device is a keyboard
[    36.286] (II) event2  - (II) Sleep Button: (II) device removed
[    36.287] (**) Option "config_info" "udev:/sys/devices/LNXSYSTM:00/LNXSYBUS:00/PNP0C0E:00/input/input2/event2"
[    36.287] (II) XINPUT: Adding extended input device "Sleep Button" (type: KEYBOARD, id 10)
[    36.287] (II) event2  - (II) Sleep Button: (II) is tagged by udev as: Keyboard
[    36.287] (II) event2  - (II) Sleep Button: (II) device is a keyboard
[    36.287] (II) config/udev: Adding input device USB2.0 VGA UVC WebCam (/dev/input/event9)
[    36.287] (**) USB2.0 VGA UVC WebCam: Applying InputClass "libinput keyboard catchall"
[    36.287] (II) Using input driver 'libinput' for 'USB2.0 VGA UVC WebCam'
[    36.288] (II) systemd-logind: got fd for /dev/input/event9 13:73 fd 28 paused 0
[    36.288] (**) USB2.0 VGA UVC WebCam: always reports core events
[    36.288] (**) Option "Device" "/dev/input/event9"
[    36.288] (**) Option "_source" "server/udev"
[    36.289] (II) event9  - (II) USB2.0 VGA UVC WebCam: (II) is tagged by udev as: Keyboard
[    36.289] (II) event9  - (II) USB2.0 VGA UVC WebCam: (II) device is a keyboard
[    36.289] (II) event9  - (II) USB2.0 VGA UVC WebCam: (II) device removed
[    36.289] (**) Option "config_info" "udev:/sys/devices/pci0000:00/0000:00:14.0/usb1/1-6/1-6:1.0/input/input9/event9"
[    36.289] (II) XINPUT: Adding extended input device "USB2.0 VGA UVC WebCam" (type: KEYBOARD, id 11)
[    36.289] (II) event9  - (II) USB2.0 VGA UVC WebCam: (II) is tagged by udev as: Keyboard
[    36.289] (II) event9  - (II) USB2.0 VGA UVC WebCam: (II) device is a keyboard
[    36.289] (II) config/udev: Adding input device Elan Touchpad (/dev/input/event10)
[    36.289] (**) Elan Touchpad: Applying InputClass "libinput touchpad catchall"
[    36.289] (**) Elan Touchpad: Applying InputClass "touchpad"
[    36.289] (II) Using input driver 'libinput' for 'Elan Touchpad'
[    36.290] (II) systemd-logind: got fd for /dev/input/event10 13:74 fd 29 paused 0
[    36.290] (**) Elan Touchpad: always reports core events
[    36.290] (**) Option "Device" "/dev/input/event10"
[    36.290] (**) Option "_source" "server/udev"
[    36.291] (II) event10 - (II) Elan Touchpad: (II) is tagged by udev as: Touchpad
[    36.291] (II) event10 - (II) Elan Touchpad: (II) device is a touchpad
[    36.291] (II) event10 - (II) Elan Touchpad: (II) device removed
[    36.291] (**) Option "Tapping" "on"
[    36.291] (**) Option "AccelSpeed" "0.9"
[    36.291] (**) Option "NaturalScrolling" "true"
[    36.291] (**) Option "config_info" "udev:/sys/devices/pci0000:00/0000:00:15.1/i2c_designware.1/i2c-6/i2c-ELAN1000:00/input/input10/event10"
[    36.291] (II) XINPUT: Adding extended input device "Elan Touchpad" (type: TOUCHPAD, id 12)
[    36.291] (**) Option "AccelerationScheme" "none"
[    36.291] (**) Elan Touchpad: (accel) selected scheme none/0
[    36.291] (**) Elan Touchpad: (accel) acceleration factor: 2.000
[    36.291] (**) Elan Touchpad: (accel) acceleration threshold: 4
[    36.291] (II) event10 - (II) Elan Touchpad: (II) is tagged by udev as: Touchpad
[    36.291] (II) event10 - (II) Elan Touchpad: (II) device is a touchpad
[    36.291] (II) config/udev: Adding input device Elan Touchpad (/dev/input/mouse0)
[    36.291] (**) Elan Touchpad: Applying InputClass "touchpad"
[    36.291] (II) Using input driver 'libinput' for 'Elan Touchpad'
[    36.291] (**) Elan Touchpad: always reports core events
[    36.291] (**) Option "Device" "/dev/input/mouse0"
[    36.291] (**) Option "_source" "server/udev"
[    36.291] (EE) xf86OpenSerial: Cannot open device /dev/input/mouse0
	Permission denied.
[    36.291] (II) mouse0: opening input device '/dev/input/mouse0' failed (Permission denied).
[    36.291] (II) mouse0  - failed to create input device '/dev/input/mouse0'.
[    36.291] (EE) libinput: Elan Touchpad: Failed to create a device for /dev/input/mouse0
[    36.291] (EE) PreInit returned 2 for "Elan Touchpad"
[    36.291] (II) UnloadModule: "libinput"
[    36.292] (II) config/udev: Adding input device HDA Digital PCBeep (/dev/input/event11)
[    36.292] (II) No input driver specified, ignoring this device.
[    36.292] (II) This device may have been added with another device file.
[    36.292] (II) config/udev: Adding input device HDA Intel PCH Mic (/dev/input/event12)
[    36.292] (II) No input driver specified, ignoring this device.
[    36.292] (II) This device may have been added with another device file.
[    36.292] (II) config/udev: Adding input device HDA Intel PCH Headphone (/dev/input/event13)
[    36.292] (II) No input driver specified, ignoring this device.
[    36.292] (II) This device may have been added with another device file.
[    36.292] (II) config/udev: Adding input device HDA Intel PCH HDMI/DP,pcm=3 (/dev/input/event14)
[    36.292] (II) No input driver specified, ignoring this device.
[    36.292] (II) This device may have been added with another device file.
[    36.292] (II) config/udev: Adding input device HDA Intel PCH HDMI/DP,pcm=7 (/dev/input/event15)
[    36.292] (II) No input driver specified, ignoring this device.
[    36.292] (II) This device may have been added with another device file.
[    36.293] (II) config/udev: Adding input device HDA Intel PCH HDMI/DP,pcm=8 (/dev/input/event16)
[    36.293] (II) No input driver specified, ignoring this device.
[    36.293] (II) This device may have been added with another device file.
[    36.293] (II) config/udev: Adding input device HDA Intel PCH HDMI/DP,pcm=9 (/dev/input/event17)
[    36.293] (II) No input driver specified, ignoring this device.
[    36.293] (II) This device may have been added with another device file.
[    36.293] (II) config/udev: Adding input device HDA Intel PCH HDMI/DP,pcm=10 (/dev/input/event18)
[    36.293] (II) No input driver specified, ignoring this device.
[    36.293] (II) This device may have been added with another device file.
[    36.293] (II) config/udev: Adding input device Asus WMI hotkeys (/dev/input/event8)
[    36.293] (**) Asus WMI hotkeys: Applying InputClass "libinput keyboard catchall"
[    36.293] (II) Using input driver 'libinput' for 'Asus WMI hotkeys'
[    36.294] (II) systemd-logind: got fd for /dev/input/event8 13:72 fd 30 paused 0
[    36.294] (**) Asus WMI hotkeys: always reports core events
[    36.294] (**) Option "Device" "/dev/input/event8"
[    36.294] (**) Option "_source" "server/udev"
[    36.294] (II) event8  - (II) Asus WMI hotkeys: (II) is tagged by udev as: Keyboard
[    36.294] (II) event8  - (II) Asus WMI hotkeys: (II) device is a keyboard
[    36.294] (II) event8  - (II) Asus WMI hotkeys: (II) device removed
[    36.294] (**) Option "config_info" "udev:/sys/devices/platform/asus-nb-wmi/input/input8/event8"
[    36.294] (II) XINPUT: Adding extended input device "Asus WMI hotkeys" (type: KEYBOARD, id 13)
[    36.294] (II) event8  - (II) Asus WMI hotkeys: (II) is tagged by udev as: Keyboard
[    36.294] (II) event8  - (II) Asus WMI hotkeys: (II) device is a keyboard
[    36.295] (II) config/udev: Adding input device AT Translated Set 2 keyboard (/dev/input/event0)
[    36.295] (**) AT Translated Set 2 keyboard: Applying InputClass "libinput keyboard catchall"
[    36.295] (II) Using input driver 'libinput' for 'AT Translated Set 2 keyboard'
[    36.295] (II) systemd-logind: got fd for /dev/input/event0 13:64 fd 31 paused 0
[    36.295] (**) AT Translated Set 2 keyboard: always reports core events
[    36.295] (**) Option "Device" "/dev/input/event0"
[    36.295] (**) Option "_source" "server/udev"
[    36.296] (II) event0  - (II) AT Translated Set 2 keyboard: (II) is tagged by udev as: Keyboard
[    36.296] (II) event0  - (II) AT Translated Set 2 keyboard: (II) device is a keyboard
[    36.296] (II) event0  - (II) AT Translated Set 2 keyboard: (II) device removed
[    36.296] (**) Option "config_info" "udev:/sys/devices/platform/i8042/serio0/input/input0/event0"
[    36.296] (II) XINPUT: Adding extended input device "AT Translated Set 2 keyboard" (type: KEYBOARD, id 14)
[    36.296] (II) event0  - (II) AT Translated Set 2 keyboard: (II) is tagged by udev as: Keyboard
[    36.296] (II) event0  - (II) AT Translated Set 2 keyboard: (II) device is a keyboard
[    36.296] (II) config/udev: Adding input device PC Speaker (/dev/input/event5)
[    36.296] (II) No input driver specified, ignoring this device.
[    36.296] (II) This device may have been added with another device file.
[    36.428] (II) intel(0): EDID vendor "AUO", prod id 14573
[    36.428] (II) intel(0): Printing DDC gathered Modelines:
[    36.428] (II) intel(0): Modeline "1920x1080"x0.0  142.00  1920 2028 2076 2100  1080 1090 1100 1126 -hsync -vsync (67.6 kHz eP)
[  1003.027] (**) Option "fd" "21"
[  1003.027] (II) event3  - (II) Power Button: (II) device removed
[  1003.027] (**) Option "fd" "24"
[  1003.027] (II) event4  - (II) Asus Wireless Radio Control: (II) device removed
[  1003.027] (**) Option "fd" "25"
[  1003.027] (II) event6  - (II) Video Bus: (II) device removed
[  1003.027] (**) Option "fd" "26"
[  1003.027] (II) event7  - (II) Video Bus: (II) device removed
[  1003.027] (**) Option "fd" "27"
[  1003.027] (II) event2  - (II) Sleep Button: (II) device removed
[  1003.028] (**) Option "fd" "28"
[  1003.028] (II) event9  - (II) USB2.0 VGA UVC WebCam: (II) device removed
[  1003.028] (**) Option "fd" "29"
[  1003.028] (II) event10 - (II) Elan Touchpad: (II) device removed
[  1003.028] (**) Option "fd" "30"
[  1003.028] (II) event8  - (II) Asus WMI hotkeys: (II) device removed
[  1003.028] (**) Option "fd" "31"
[  1003.028] (II) event0  - (II) AT Translated Set 2 keyboard: (II) device removed
[  1003.028] (II) AIGLX: Suspending AIGLX clients for VT switch
[  1003.124] (II) systemd-logind: got pause for 226:0
[  1003.124] (II) systemd-logind: got pause for 13:67
[  1003.124] (II) systemd-logind: got pause for 13:70
[  1003.124] (II) systemd-logind: got pause for 13:74
[  1003.124] (II) systemd-logind: got pause for 13:66
[  1003.124] (II) systemd-logind: got pause for 13:72
[  1003.124] (II) systemd-logind: got pause for 13:64
[  1003.124] (II) systemd-logind: got pause for 13:71
[  1003.124] (II) systemd-logind: got pause for 13:68
[  1003.125] (II) systemd-logind: got pause for 13:73
[  1004.988] (II) systemd-logind: got resume for 226:0
[  1004.988] (II) AIGLX: Resuming AIGLX clients after VT switch
[  1004.988] (II) intel(0): switch to mode 1920x1080@60.0 on eDP1 using pipe 0, position (0, 0), rotation normal, reflection none
[  1005.075] (II) systemd-logind: got resume for 13:67
[  1005.076] (II) event3  - (II) Power Button: (II) is tagged by udev as: Keyboard
[  1005.076] (II) event3  - (II) Power Button: (II) device is a keyboard
[  1005.076] (II) systemd-logind: got resume for 13:70
[  1005.077] (II) event6  - (II) Video Bus: (II) is tagged by udev as: Keyboard
[  1005.077] (II) event6  - (II) Video Bus: (II) device is a keyboard
[  1005.077] (II) systemd-logind: got resume for 13:74
[  1005.078] (II) event10 - (II) Elan Touchpad: (II) is tagged by udev as: Touchpad
[  1005.078] (II) event10 - (II) Elan Touchpad: (II) device is a touchpad
[  1005.078] (II) systemd-logind: got resume for 13:66
[  1005.078] (II) event2  - (II) Sleep Button: (II) is tagged by udev as: Keyboard
[  1005.078] (II) event2  - (II) Sleep Button: (II) device is a keyboard
[  1005.078] (II) systemd-logind: got resume for 13:72
[  1005.079] (II) event8  - (II) Asus WMI hotkeys: (II) is tagged by udev as: Keyboard
[  1005.079] (II) event8  - (II) Asus WMI hotkeys: (II) device is a keyboard
[  1005.090] (II) systemd-logind: got resume for 13:64
[  1005.091] (II) event0  - (II) AT Translated Set 2 keyboard: (II) is tagged by udev as: Keyboard
[  1005.091] (II) event0  - (II) AT Translated Set 2 keyboard: (II) device is a keyboard
[  1005.107] (II) systemd-logind: got resume for 13:71
[  1005.107] (II) event7  - (II) Video Bus: (II) is tagged by udev as: Keyboard
[  1005.107] (II) event7  - (II) Video Bus: (II) device is a keyboard
[  1005.117] (II) systemd-logind: got resume for 13:68
[  1005.118] (II) event4  - (II) Asus Wireless Radio Control: (II) is tagged by udev as: Keyboard
[  1005.118] (II) event4  - (II) Asus Wireless Radio Control: (II) device is a keyboard
[  1005.130] (II) systemd-logind: got resume for 13:73
[  1005.131] (II) event9  - (II) USB2.0 VGA UVC WebCam: (II) is tagged by udev as: Keyboard
[  1005.131] (II) event9  - (II) USB2.0 VGA UVC WebCam: (II) device is a keyboard
