cabal: Entering directory '/tmp/cabal-tmp-30357/dbus-0.10.13'
Configuring dbus-0.10.13...
Building dbus-0.10.13...
Preprocessing library dbus-0.10.13...

lib/DBus/Client.hs:4:14: warning:
    -XOverlappingInstances is deprecated: instead use per-instance pragmas OVERLAPPING/OVERLAPPABLE/OVERLAPS
[1 of 9] Compiling DBus.Internal.Types ( lib/DBus/Internal/Types.hs, dist/build/DBus/Internal/Types.o )
[2 of 9] Compiling DBus.Internal.Message ( lib/DBus/Internal/Message.hs, dist/build/DBus/Internal/Message.o )
[3 of 9] Compiling DBus.Internal.Wire ( lib/DBus/Internal/Wire.hs, dist/build/DBus/Internal/Wire.o )
[4 of 9] Compiling DBus.Internal.Address ( lib/DBus/Internal/Address.hs, dist/build/DBus/Internal/Address.o )
[5 of 9] Compiling DBus             ( lib/DBus.hs, dist/build/DBus.o )
[6 of 9] Compiling DBus.Introspection ( lib/DBus/Introspection.hs, dist/build/DBus/Introspection.o )
[7 of 9] Compiling DBus.Transport   ( lib/DBus/Transport.hs, dist/build/DBus/Transport.o )
[8 of 9] Compiling DBus.Socket      ( lib/DBus/Socket.hs, dist/build/DBus/Socket.o )
[9 of 9] Compiling DBus.Client      ( lib/DBus/Client.hs, dist/build/DBus/Client.o )
Creating package registration file:
/tmp/pkgConf-dbus-0.1010639580311633108117.13
Installing library in
/home/namo/.cabal/lib/x86_64-linux-ghc-8.0.2/dbus-0.10.13-JyIOa0mObhMuiATPrvIYN
Registering dbus-0.10.13...
cabal: Leaving directory '/tmp/cabal-tmp-30357/dbus-0.10.13'
